-- The C compiler identification is GNU 11.4.0
-- The CXX compiler identification is GNU 11.4.0
-- Detecting C compiler ABI info
-- Detecting C compiler ABI info - done
-- Check for working C compiler: /usr/bin/cc - skipped
-- Detecting C compile features
-- Detecting C compile features - done
-- Detecting CXX compiler ABI info
-- Detecting CXX compiler ABI info - done
-- Check for working CXX compiler: /usr/bin/c++ - skipped
-- Detecting CXX compile features
-- Detecting CXX compile features - done
-- Found ament_cmake: 1.3.12 (/opt/ros/humble/share/ament_cmake/cmake)
-- Found Python3: /usr/bin/python3 (found version "3.10.12") found components: Interpreter 
-- Found rclcpp: 16.0.17 (/opt/ros/humble/share/rclcpp/cmake)
-- Found rosidl_generator_c: 3.1.8 (/opt/ros/humble/share/rosidl_generator_c/cmake)
-- Found rosidl_adapter: 3.1.8 (/opt/ros/humble/share/rosidl_adapter/cmake)
-- Found rosidl_generator_cpp: 3.1.8 (/opt/ros/humble/share/rosidl_generator_cpp/cmake)
-- Using all available rosidl_typesupport_c: rosidl_typesupport_fastrtps_c;rosidl_typesupport_introspection_c
-- Using all available rosidl_typesupport_cpp: rosidl_typesupport_fastrtps_cpp;rosidl_typesupport_introspection_cpp
-- Found rmw_implementation_cmake: 6.1.2 (/opt/ros/humble/share/rmw_implementation_cmake/cmake)
-- Found rmw_cyclonedds_cpp: 1.3.4 (/opt/ros/humble/share/rmw_cyclonedds_cpp/cmake)
-- Using RMW implementation 'rmw_cyclonedds_cpp' as default
-- Looking for pthread.h
-- Looking for pthread.h - found
-- Performing Test CMAKE_HAVE_LIBC_PTHREAD
-- Performing Test CMAKE_HAVE_LIBC_PTHREAD - Success
-- Found Threads: TRUE  
-- Found serial_driver: 1.2.0 (/opt/ros/humble/share/serial_driver/cmake)
-- Found asio_cmake_module: 1.2.0 (/opt/ros/humble/share/asio_cmake_module/cmake)
-- Found ASIO: /usr/include  
-- Found common_unique_msgs: 0.1.0 (/workspace/ros2_yolo/src/sensor_driver/install/common_unique_msgs/share/common_unique_msgs/cmake)
-- Found sensor_msgs: 4.9.0 (/opt/ros/humble/share/sensor_msgs/cmake)
-- Found tf2: 0.25.18 (/opt/ros/humble/share/tf2/cmake)
-- Found nav_msgs: 4.9.0 (/opt/ros/humble/share/nav_msgs/cmake)
-- Configuring done
-- Generating done
-- Build files have been written to: /workspace/ros2_yolo/src/sensor_driver/build/imu5651_driver
[ 33%] [32mBuilding CXX object CMakeFiles/imu5651_driver.dir/src/main.cpp.o[0m
[ 66%] [32mBuilding CXX object CMakeFiles/imu5651_driver.dir/src/serial_reader.cpp.o[0m
In file included from [01m[K/workspace/ros2_yolo/src/sensor_driver/src/imu5651_driver/src/serial_reader.cpp:1[m[K:
[01m[K/workspace/ros2_yolo/src/sensor_driver/src/imu5651_driver/include/imu5651_driver/serial_reader.hpp:58:13:[m[K [01;31m[Kerror: [m[Kâ€˜[01m[Kexecutor[m[Kâ€™ in namespace â€˜[01m[Krclcpp[m[Kâ€™ does not name a type; did you mean â€˜[01m[KExecutor[m[Kâ€™?
   58 |     rclcpp::[01;31m[Kexecutor[m[K::Executor::SharedPtr executor_;
      |             [01;31m[K^~~~~~~~[m[K
      |             [32m[KExecutor[m[K
In file included from [01m[K/workspace/ros2_yolo/src/sensor_driver/src/imu5651_driver/src/main.cpp:1[m[K:
[01m[K/workspace/ros2_yolo/src/sensor_driver/src/imu5651_driver/include/imu5651_driver/serial_reader.hpp:58:13:[m[K [01;31m[Kerror: [m[Kâ€˜[01m[Kexecutor[m[Kâ€™ in namespace â€˜[01m[Krclcpp[m[Kâ€™ does not name a type; did you mean â€˜[01m[KExecutor[m[Kâ€™?
   58 |     rclcpp::[01;31m[Kexecutor[m[K::Executor::SharedPtr executor_;
      |             [01;31m[K^~~~~~~~[m[K
      |             [32m[KExecutor[m[K
In file included from [01m[K/opt/ros/humble/include/rclcpp/rclcpp/logging.hpp:24[m[K,
                 from [01m[K/opt/ros/humble/include/rclcpp/rclcpp/client.hpp:40[m[K,
                 from [01m[K/opt/ros/humble/include/rclcpp/rclcpp/callback_group.hpp:24[m[K,
                 from [01m[K/opt/ros/humble/include/rclcpp/rclcpp/any_executable.hpp:20[m[K,
                 from [01m[K/opt/ros/humble/include/rclcpp/rclcpp/memory_strategy.hpp:25[m[K,
                 from [01m[K/opt/ros/humble/include/rclcpp/rclcpp/memory_strategies.hpp:18[m[K,
                 from [01m[K/opt/ros/humble/include/rclcpp/rclcpp/executor_options.hpp:20[m[K,
                 from [01m[K/opt/ros/humble/include/rclcpp/rclcpp/executor.hpp:37[m[K,
                 from [01m[K/opt/ros/humble/include/rclcpp/rclcpp/executors/multi_threaded_executor.hpp:25[m[K,
                 from [01m[K/opt/ros/humble/include/rclcpp/rclcpp/executors.hpp:21[m[K,
                 from [01m[K/opt/ros/humble/include/rclcpp/rclcpp/rclcpp.hpp:155[m[K,
                 from [01m[K/workspace/ros2_yolo/src/sensor_driver/src/imu5651_driver/include/imu5651_driver/serial_reader.hpp:3[m[K,
                 from [01m[K/workspace/ros2_yolo/src/sensor_driver/src/imu5651_driver/src/serial_reader.cpp:1[m[K:
[01m[K/workspace/ros2_yolo/src/sensor_driver/src/imu5651_driver/src/serial_reader.cpp:[m[K In constructor â€˜[01m[KSerialReader::SerialReader(const rclcpp::NodeOptions&)[m[Kâ€™:
[01m[K/workspace/ros2_yolo/src/sensor_driver/src/imu5651_driver/src/serial_reader.cpp:89:45:[m[K [01;35m[Kwarning: [m[Kformat â€˜[01m[K%d[m[Kâ€™ expects argument of type â€˜[01m[Kint[m[Kâ€™, but argument 6 has type â€˜[01m[Klong int[m[Kâ€™ [[01;35m[K-Wformat=[m[K]
   89 |             RCLCPP_INFO(this->get_logger(), [01;35m[K"æˆåŠŸæ‰“å¼€ç«¯å£: %s (æ³¢ç‰¹ç‡: %d)"[m[K, port.c_str(), [32m[Kbaudrate[m[K);
      |                                             [01;35m[K^~~~~~~~~~~~~~~~~~~~~~~~~~~~~~~[m[K                [32m[K~~~~~~~~[m[K
      |                                                                                            [32m[K|[m[K
      |                                                                                            [32m[Klong int[m[K
[01m[K/workspace/ros2_yolo/src/sensor_driver/src/imu5651_driver/src/serial_reader.cpp:89:73:[m[K [01;36m[Knote: [m[Kformat string is defined here
   89 |             RCLCPP_INFO(this->get_logger(), "æˆåŠŸæ‰“å¼€ç«¯å£: %s (æ³¢ç‰¹ç‡: [01;36m[K%d[m[K)", port.c_str(), baudrate);
      |                                                                        [01;36m[K~^[m[K
      |                                                                         [01;36m[K|[m[K
      |                                                                         [01;36m[Kint[m[K
      |                                                                        [32m[K%ld[m[K
gmake[2]: *** [CMakeFiles/imu5651_driver.dir/build.make:76: CMakeFiles/imu5651_driver.dir/src/main.cpp.o] Error 1
gmake[2]: *** Waiting for unfinished jobs....
gmake[2]: *** [CMakeFiles/imu5651_driver.dir/build.make:90: CMakeFiles/imu5651_driver.dir/src/serial_reader.cpp.o] Error 1
gmake[1]: *** [CMakeFiles/Makefile2:137: CMakeFiles/imu5651_driver.dir/all] Error 2
gmake: *** [Makefile:146: all] Error 2
