[0.014s] Invoking command in '/workspace/ros2_yolo/src/sensor_driver/build/imu5651_driver': AMENT_PREFIX_PATH=/workspace/ros2_yolo/src/sensor_driver/install/common_unique_msgs:${AMENT_PREFIX_PATH} CMAKE_PREFIX_PATH=/workspace/ros2_yolo/src/sensor_driver/install/common_unique_msgs:/workspace/ros2_yolo/install/vision_msgs_rviz_plugins:/workspace/ros2_yolo/install/ultralytics_ros:/workspace/ros2_yolo/install/ros2_numpy:/workspace/ros2_yolo/install/pcdet_ros2:/workspace/ros2_yolo/install/fusiondet:/workspace/ros2_yolo/install/fusion_tracker:/opt/ros/humble LD_LIBRARY_PATH=/workspace/ros2_yolo/src/sensor_driver/install/common_unique_msgs/lib:${LD_LIBRARY_PATH} PYTHONPATH=/workspace/ros2_yolo/src/sensor_driver/install/common_unique_msgs/local/lib/python3.10/dist-packages:${PYTHONPATH} /usr/bin/cmake /workspace/ros2_yolo/src/sensor_driver/src/imu5651_driver -DCMAKE_INSTALL_PREFIX=/workspace/ros2_yolo/src/sensor_driver/install/imu5651_driver
[0.069s] -- The C compiler identification is GNU 11.4.0
[0.126s] -- The CXX compiler identification is GNU 11.4.0
[0.133s] -- Detecting C compiler ABI info
[0.220s] -- Detecting C compiler ABI info - done
[0.226s] -- Check for working C compiler: /usr/bin/cc - skipped
[0.226s] -- Detecting C compile features
[0.227s] -- Detecting C compile features - done
[0.229s] -- Detecting CXX compiler ABI info
[0.327s] -- Detecting CXX compiler ABI info - done
[0.334s] -- Check for working CXX compiler: /usr/bin/c++ - skipped
[0.335s] -- Detecting CXX compile features
[0.335s] -- Detecting CXX compile features - done
[0.341s] -- Found ament_cmake: 1.3.12 (/opt/ros/humble/share/ament_cmake/cmake)
[0.893s] -- Found Python3: /usr/bin/python3 (found version "3.10.12") found components: Interpreter 
[1.015s] -- Found rclcpp: 16.0.17 (/opt/ros/humble/share/rclcpp/cmake)
[1.082s] -- Found rosidl_generator_c: 3.1.8 (/opt/ros/humble/share/rosidl_generator_c/cmake)
[1.091s] -- Found rosidl_adapter: 3.1.8 (/opt/ros/humble/share/rosidl_adapter/cmake)
[1.102s] -- Found rosidl_generator_cpp: 3.1.8 (/opt/ros/humble/share/rosidl_generator_cpp/cmake)
[1.117s] -- Using all available rosidl_typesupport_c: rosidl_typesupport_fastrtps_c;rosidl_typesupport_introspection_c
[1.140s] -- Using all available rosidl_typesupport_cpp: rosidl_typesupport_fastrtps_cpp;rosidl_typesupport_introspection_cpp
[1.198s] -- Found rmw_implementation_cmake: 6.1.2 (/opt/ros/humble/share/rmw_implementation_cmake/cmake)
[1.203s] -- Found rmw_cyclonedds_cpp: 1.3.4 (/opt/ros/humble/share/rmw_cyclonedds_cpp/cmake)
[1.225s] -- Using RMW implementation 'rmw_cyclonedds_cpp' as default
[1.239s] -- Looking for pthread.h
[1.325s] -- Looking for pthread.h - found
[1.325s] -- Performing Test CMAKE_HAVE_LIBC_PTHREAD
[1.412s] -- Performing Test CMAKE_HAVE_LIBC_PTHREAD - Success
[1.414s] -- Found Threads: TRUE  
[1.470s] -- Found serial_driver: 1.2.0 (/opt/ros/humble/share/serial_driver/cmake)
[1.493s] -- Found asio_cmake_module: 1.2.0 (/opt/ros/humble/share/asio_cmake_module/cmake)
[1.494s] -- Found ASIO: /usr/include  
[1.558s] -- Found common_unique_msgs: 0.1.0 (/workspace/ros2_yolo/src/sensor_driver/install/common_unique_msgs/share/common_unique_msgs/cmake)
[1.570s] -- Found sensor_msgs: 4.9.0 (/opt/ros/humble/share/sensor_msgs/cmake)
[1.602s] -- Found tf2: 0.25.18 (/opt/ros/humble/share/tf2/cmake)
[1.607s] -- Found nav_msgs: 4.9.0 (/opt/ros/humble/share/nav_msgs/cmake)
[1.704s] -- Configuring done
[1.766s] -- Generating done
[1.773s] -- Build files have been written to: /workspace/ros2_yolo/src/sensor_driver/build/imu5651_driver
[1.782s] Invoked command in '/workspace/ros2_yolo/src/sensor_driver/build/imu5651_driver' returned '0': AMENT_PREFIX_PATH=/workspace/ros2_yolo/src/sensor_driver/install/common_unique_msgs:${AMENT_PREFIX_PATH} CMAKE_PREFIX_PATH=/workspace/ros2_yolo/src/sensor_driver/install/common_unique_msgs:/workspace/ros2_yolo/install/vision_msgs_rviz_plugins:/workspace/ros2_yolo/install/ultralytics_ros:/workspace/ros2_yolo/install/ros2_numpy:/workspace/ros2_yolo/install/pcdet_ros2:/workspace/ros2_yolo/install/fusiondet:/workspace/ros2_yolo/install/fusion_tracker:/opt/ros/humble LD_LIBRARY_PATH=/workspace/ros2_yolo/src/sensor_driver/install/common_unique_msgs/lib:${LD_LIBRARY_PATH} PYTHONPATH=/workspace/ros2_yolo/src/sensor_driver/install/common_unique_msgs/local/lib/python3.10/dist-packages:${PYTHONPATH} /usr/bin/cmake /workspace/ros2_yolo/src/sensor_driver/src/imu5651_driver -DCMAKE_INSTALL_PREFIX=/workspace/ros2_yolo/src/sensor_driver/install/imu5651_driver
[1.785s] Invoking command in '/workspace/ros2_yolo/src/sensor_driver/build/imu5651_driver': AMENT_PREFIX_PATH=/workspace/ros2_yolo/src/sensor_driver/install/common_unique_msgs:${AMENT_PREFIX_PATH} CMAKE_PREFIX_PATH=/workspace/ros2_yolo/src/sensor_driver/install/common_unique_msgs:/workspace/ros2_yolo/install/vision_msgs_rviz_plugins:/workspace/ros2_yolo/install/ultralytics_ros:/workspace/ros2_yolo/install/ros2_numpy:/workspace/ros2_yolo/install/pcdet_ros2:/workspace/ros2_yolo/install/fusiondet:/workspace/ros2_yolo/install/fusion_tracker:/opt/ros/humble LD_LIBRARY_PATH=/workspace/ros2_yolo/src/sensor_driver/install/common_unique_msgs/lib:${LD_LIBRARY_PATH} PYTHONPATH=/workspace/ros2_yolo/src/sensor_driver/install/common_unique_msgs/local/lib/python3.10/dist-packages:${PYTHONPATH} /usr/bin/cmake --build /workspace/ros2_yolo/src/sensor_driver/build/imu5651_driver -- -j112 -l112
[1.853s] [ 33%] [32mBuilding CXX object CMakeFiles/imu5651_driver.dir/src/main.cpp.o[0m
[1.853s] [ 66%] [32mBuilding CXX object CMakeFiles/imu5651_driver.dir/src/serial_reader.cpp.o[0m
[3.959s] In file included from [01m[K/workspace/ros2_yolo/src/sensor_driver/src/imu5651_driver/src/serial_reader.cpp:1[m[K:
[3.959s] [01m[K/workspace/ros2_yolo/src/sensor_driver/src/imu5651_driver/include/imu5651_driver/serial_reader.hpp:58:13:[m[K [01;31m[Kerror: [m[K‚Äò[01m[Kexecutor[m[K‚Äô in namespace ‚Äò[01m[Krclcpp[m[K‚Äô does not name a type; did you mean ‚Äò[01m[KExecutor[m[K‚Äô?
[3.959s]    58 |     rclcpp::[01;31m[Kexecutor[m[K::Executor::SharedPtr executor_;
[3.959s]       |             [01;31m[K^~~~~~~~[m[K
[3.959s]       |             [32m[KExecutor[m[K
[3.969s] In file included from [01m[K/workspace/ros2_yolo/src/sensor_driver/src/imu5651_driver/src/main.cpp:1[m[K:
[3.969s] [01m[K/workspace/ros2_yolo/src/sensor_driver/src/imu5651_driver/include/imu5651_driver/serial_reader.hpp:58:13:[m[K [01;31m[Kerror: [m[K‚Äò[01m[Kexecutor[m[K‚Äô in namespace ‚Äò[01m[Krclcpp[m[K‚Äô does not name a type; did you mean ‚Äò[01m[KExecutor[m[K‚Äô?
[3.970s]    58 |     rclcpp::[01;31m[Kexecutor[m[K::Executor::SharedPtr executor_;
[3.970s]       |             [01;31m[K^~~~~~~~[m[K
[3.970s]       |             [32m[KExecutor[m[K
[3.982s] In file included from [01m[K/opt/ros/humble/include/rclcpp/rclcpp/logging.hpp:24[m[K,
[3.982s]                  from [01m[K/opt/ros/humble/include/rclcpp/rclcpp/client.hpp:40[m[K,
[3.982s]                  from [01m[K/opt/ros/humble/include/rclcpp/rclcpp/callback_group.hpp:24[m[K,
[3.982s]                  from [01m[K/opt/ros/humble/include/rclcpp/rclcpp/any_executable.hpp:20[m[K,
[3.983s]                  from [01m[K/opt/ros/humble/include/rclcpp/rclcpp/memory_strategy.hpp:25[m[K,
[3.983s]                  from [01m[K/opt/ros/humble/include/rclcpp/rclcpp/memory_strategies.hpp:18[m[K,
[3.983s]                  from [01m[K/opt/ros/humble/include/rclcpp/rclcpp/executor_options.hpp:20[m[K,
[3.983s]                  from [01m[K/opt/ros/humble/include/rclcpp/rclcpp/executor.hpp:37[m[K,
[3.983s]                  from [01m[K/opt/ros/humble/include/rclcpp/rclcpp/executors/multi_threaded_executor.hpp:25[m[K,
[3.983s]                  from [01m[K/opt/ros/humble/include/rclcpp/rclcpp/executors.hpp:21[m[K,
[3.983s]                  from [01m[K/opt/ros/humble/include/rclcpp/rclcpp/rclcpp.hpp:155[m[K,
[3.983s]                  from [01m[K/workspace/ros2_yolo/src/sensor_driver/src/imu5651_driver/include/imu5651_driver/serial_reader.hpp:3[m[K,
[3.984s]                  from [01m[K/workspace/ros2_yolo/src/sensor_driver/src/imu5651_driver/src/serial_reader.cpp:1[m[K:
[3.984s] [01m[K/workspace/ros2_yolo/src/sensor_driver/src/imu5651_driver/src/serial_reader.cpp:[m[K In constructor ‚Äò[01m[KSerialReader::SerialReader(const rclcpp::NodeOptions&)[m[K‚Äô:
[3.984s] [01m[K/workspace/ros2_yolo/src/sensor_driver/src/imu5651_driver/src/serial_reader.cpp:89:45:[m[K [01;35m[Kwarning: [m[Kformat ‚Äò[01m[K%d[m[K‚Äô expects argument of type ‚Äò[01m[Kint[m[K‚Äô, but argument 6 has type ‚Äò[01m[Klong int[m[K‚Äô [[01;35m[K-Wformat=[m[K]
[3.984s]    89 |             RCLCPP_INFO(this->get_logger(), [01;35m[K"ÊàêÂäüÊâìÂºÄÁ´ØÂè£: %s (Ê≥¢ÁâπÁéá: %d)"[m[K, port.c_str(), [32m[Kbaudrate[m[K);
[3.984s]       |                                             [01;35m[K^~~~~~~~~~~~~~~~~~~~~~~~~~~~~~~[m[K                [32m[K~~~~~~~~[m[K
[3.984s]       |                                                                                            [32m[K|[m[K
[3.984s]       |                                                                                            [32m[Klong int[m[K
[3.984s] [01m[K/workspace/ros2_yolo/src/sensor_driver/src/imu5651_driver/src/serial_reader.cpp:89:73:[m[K [01;36m[Knote: [m[Kformat string is defined here
[3.984s]    89 |             RCLCPP_INFO(this->get_logger(), "ÊàêÂäüÊâìÂºÄÁ´ØÂè£: %s (Ê≥¢ÁâπÁéá: [01;36m[K%d[m[K)", port.c_str(), baudrate);
[3.984s]       |                                                                        [01;36m[K~^[m[K
[3.984s]       |                                                                         [01;36m[K|[m[K
[3.984s]       |                                                                         [01;36m[Kint[m[K
[3.984s]       |                                                                        [32m[K%ld[m[K
[4.307s] gmake[2]: *** [CMakeFiles/imu5651_driver.dir/build.make:76: CMakeFiles/imu5651_driver.dir/src/main.cpp.o] Error 1
[4.308s] gmake[2]: *** Waiting for unfinished jobs....
[5.286s] gmake[2]: *** [CMakeFiles/imu5651_driver.dir/build.make:90: CMakeFiles/imu5651_driver.dir/src/serial_reader.cpp.o] Error 1
[5.286s] gmake[1]: *** [CMakeFiles/Makefile2:137: CMakeFiles/imu5651_driver.dir/all] Error 2
[5.287s] gmake: *** [Makefile:146: all] Error 2
[5.292s] Invoked command in '/workspace/ros2_yolo/src/sensor_driver/build/imu5651_driver' returned '2': AMENT_PREFIX_PATH=/workspace/ros2_yolo/src/sensor_driver/install/common_unique_msgs:${AMENT_PREFIX_PATH} CMAKE_PREFIX_PATH=/workspace/ros2_yolo/src/sensor_driver/install/common_unique_msgs:/workspace/ros2_yolo/install/vision_msgs_rviz_plugins:/workspace/ros2_yolo/install/ultralytics_ros:/workspace/ros2_yolo/install/ros2_numpy:/workspace/ros2_yolo/install/pcdet_ros2:/workspace/ros2_yolo/install/fusiondet:/workspace/ros2_yolo/install/fusion_tracker:/opt/ros/humble LD_LIBRARY_PATH=/workspace/ros2_yolo/src/sensor_driver/install/common_unique_msgs/lib:${LD_LIBRARY_PATH} PYTHONPATH=/workspace/ros2_yolo/src/sensor_driver/install/common_unique_msgs/local/lib/python3.10/dist-packages:${PYTHONPATH} /usr/bin/cmake --build /workspace/ros2_yolo/src/sensor_driver/build/imu5651_driver -- -j112 -l112
